{"D:\\DocuThinker-AI-App\\backend\\controllers\\controllers.js": {"path":"D:\\DocuThinker-AI-App\\backend\\controllers\\controllers.js","statementMap":{"0":{"start":{"line":18,"column":4},"end":{"line":18,"column":35}},"1":{"start":{"line":19,"column":51},"end":{"line":19,"column":76}},"2":{"start":{"line":20,"column":25},"end":{"line":20,"column":46}},"3":{"start":{"line":21,"column":23},"end":{"line":21,"column":38}},"4":{"start":{"line":22,"column":22},"end":{"line":22,"column":47}},"5":{"start":{"line":23,"column":14},"end":{"line":23,"column":30}},"6":{"start":{"line":24,"column":0},"end":{"line":24,"column":27}},"7":{"start":{"line":27,"column":27},"end":{"line":27,"column":54}},"8":{"start":{"line":56,"column":0},"end":{"line":80,"column":2}},"9":{"start":{"line":57,"column":30},"end":{"line":57,"column":38}},"10":{"start":{"line":58,"column":2},"end":{"line":79,"column":3}},"11":{"start":{"line":59,"column":23},"end":{"line":59,"column":56}},"12":{"start":{"line":60,"column":25},"end":{"line":60,"column":35}},"13":{"start":{"line":62,"column":4},"end":{"line":62,"column":68}},"14":{"start":{"line":70,"column":4},"end":{"line":70,"column":59}},"15":{"start":{"line":72,"column":4},"end":{"line":72,"column":64}},"16":{"start":{"line":73,"column":4},"end":{"line":75,"column":7}},"17":{"start":{"line":77,"column":4},"end":{"line":77,"column":78}},"18":{"start":{"line":78,"column":4},"end":{"line":78,"column":75}},"19":{"start":{"line":109,"column":0},"end":{"line":127,"column":2}},"20":{"start":{"line":110,"column":30},"end":{"line":110,"column":38}},"21":{"start":{"line":111,"column":2},"end":{"line":126,"column":3}},"22":{"start":{"line":112,"column":24},"end":{"line":112,"column":56}},"23":{"start":{"line":113,"column":17},"end":{"line":113,"column":65}},"24":{"start":{"line":115,"column":4},"end":{"line":118,"column":7}},"25":{"start":{"line":121,"column":4},"end":{"line":125,"column":5}},"26":{"start":{"line":122,"column":6},"end":{"line":122,"column":76}},"27":{"start":{"line":124,"column":6},"end":{"line":124,"column":72}},"28":{"start":{"line":165,"column":0},"end":{"line":211,"column":2}},"29":{"start":{"line":166,"column":2},"end":{"line":210,"column":3}},"30":{"start":{"line":168,"column":36},"end":{"line":168,"column":44}},"31":{"start":{"line":169,"column":4},"end":{"line":175,"column":5}},"32":{"start":{"line":170,"column":6},"end":{"line":174,"column":8}},"33":{"start":{"line":178,"column":19},"end":{"line":178,"column":46}},"34":{"start":{"line":181,"column":4},"end":{"line":201,"column":5}},"35":{"start":{"line":182,"column":27},"end":{"line":182,"column":69}},"36":{"start":{"line":183,"column":22},"end":{"line":183,"column":69}},"37":{"start":{"line":184,"column":22},"end":{"line":184,"column":41}},"38":{"start":{"line":185,"column":6},"end":{"line":187,"column":7}},"39":{"start":{"line":186,"column":8},"end":{"line":186,"column":61}},"40":{"start":{"line":190,"column":20},"end":{"line":190,"column":58}},"41":{"start":{"line":193,"column":6},"end":{"line":200,"column":9}},"42":{"start":{"line":204,"column":4},"end":{"line":207,"column":7}},"43":{"start":{"line":209,"column":4},"end":{"line":209,"column":79}},"44":{"start":{"line":251,"column":0},"end":{"line":276,"column":2}},"45":{"start":{"line":252,"column":15},"end":{"line":252,"column":33}},"46":{"start":{"line":253,"column":2},"end":{"line":275,"column":5}},"47":{"start":{"line":254,"column":4},"end":{"line":258,"column":5}},"48":{"start":{"line":255,"column":6},"end":{"line":255,"column":72}},"49":{"start":{"line":256,"column":11},"end":{"line":258,"column":5}},"50":{"start":{"line":257,"column":6},"end":{"line":257,"column":67}},"51":{"start":{"line":261,"column":20},"end":{"line":261,"column":40}},"52":{"start":{"line":263,"column":4},"end":{"line":274,"column":5}},"53":{"start":{"line":265,"column":21},"end":{"line":265,"column":63}},"54":{"start":{"line":269,"column":6},"end":{"line":271,"column":9}},"55":{"start":{"line":273,"column":6},"end":{"line":273,"column":76}},"56":{"start":{"line":301,"column":0},"end":{"line":309,"column":2}},"57":{"start":{"line":302,"column":27},"end":{"line":302,"column":35}},"58":{"start":{"line":303,"column":2},"end":{"line":308,"column":3}},"59":{"start":{"line":304,"column":21},"end":{"line":304,"column":57}},"60":{"start":{"line":305,"column":4},"end":{"line":305,"column":71}},"61":{"start":{"line":307,"column":4},"end":{"line":307,"column":79}},"62":{"start":{"line":334,"column":0},"end":{"line":349,"column":2}},"63":{"start":{"line":335,"column":27},"end":{"line":335,"column":35}},"64":{"start":{"line":336,"column":2},"end":{"line":348,"column":3}},"65":{"start":{"line":337,"column":29},"end":{"line":337,"column":73}},"66":{"start":{"line":338,"column":4},"end":{"line":340,"column":7}},"67":{"start":{"line":342,"column":4},"end":{"line":347,"column":6}},"68":{"start":{"line":378,"column":0},"end":{"line":404,"column":2}},"69":{"start":{"line":379,"column":45},"end":{"line":379,"column":53}},"70":{"start":{"line":382,"column":2},"end":{"line":384,"column":3}},"71":{"start":{"line":383,"column":4},"end":{"line":383,"column":25}},"72":{"start":{"line":386,"column":2},"end":{"line":390,"column":3}},"73":{"start":{"line":387,"column":4},"end":{"line":389,"column":69}},"74":{"start":{"line":392,"column":2},"end":{"line":403,"column":3}},"75":{"start":{"line":393,"column":21},"end":{"line":393,"column":71}},"76":{"start":{"line":394,"column":4},"end":{"line":394,"column":50}},"77":{"start":{"line":395,"column":4},"end":{"line":395,"column":43}},"78":{"start":{"line":396,"column":4},"end":{"line":396,"column":42}},"79":{"start":{"line":398,"column":4},"end":{"line":398,"column":55}},"80":{"start":{"line":399,"column":4},"end":{"line":402,"column":7}},"81":{"start":{"line":435,"column":0},"end":{"line":452,"column":2}},"82":{"start":{"line":436,"column":33},"end":{"line":436,"column":41}},"83":{"start":{"line":438,"column":2},"end":{"line":442,"column":3}},"84":{"start":{"line":439,"column":4},"end":{"line":441,"column":63}},"85":{"start":{"line":444,"column":2},"end":{"line":451,"column":3}},"86":{"start":{"line":445,"column":19},"end":{"line":445,"column":72}},"87":{"start":{"line":446,"column":4},"end":{"line":446,"column":33}},"88":{"start":{"line":448,"column":4},"end":{"line":450,"column":76}},"89":{"start":{"line":478,"column":0},"end":{"line":491,"column":2}},"90":{"start":{"line":479,"column":20},"end":{"line":479,"column":28}},"91":{"start":{"line":481,"column":2},"end":{"line":483,"column":3}},"92":{"start":{"line":482,"column":4},"end":{"line":482,"column":60}},"93":{"start":{"line":485,"column":2},"end":{"line":490,"column":3}},"94":{"start":{"line":486,"column":23},"end":{"line":486,"column":51}},"95":{"start":{"line":487,"column":4},"end":{"line":487,"column":77}},"96":{"start":{"line":489,"column":4},"end":{"line":489,"column":65}},"97":{"start":{"line":516,"column":0},"end":{"line":531,"column":2}},"98":{"start":{"line":517,"column":21},"end":{"line":517,"column":31}},"99":{"start":{"line":519,"column":2},"end":{"line":530,"column":3}},"100":{"start":{"line":520,"column":20},"end":{"line":520,"column":73}},"101":{"start":{"line":521,"column":4},"end":{"line":523,"column":5}},"102":{"start":{"line":522,"column":6},"end":{"line":522,"column":59}},"103":{"start":{"line":525,"column":21},"end":{"line":525,"column":35}},"104":{"start":{"line":526,"column":22},"end":{"line":526,"column":46}},"105":{"start":{"line":527,"column":4},"end":{"line":527,"column":68}},"106":{"start":{"line":529,"column":4},"end":{"line":529,"column":79}},"107":{"start":{"line":562,"column":0},"end":{"line":582,"column":2}},"108":{"start":{"line":563,"column":28},"end":{"line":563,"column":38}},"109":{"start":{"line":565,"column":2},"end":{"line":581,"column":3}},"110":{"start":{"line":566,"column":20},"end":{"line":566,"column":73}},"111":{"start":{"line":567,"column":4},"end":{"line":569,"column":5}},"112":{"start":{"line":568,"column":6},"end":{"line":568,"column":59}},"113":{"start":{"line":571,"column":21},"end":{"line":571,"column":35}},"114":{"start":{"line":572,"column":21},"end":{"line":572,"column":71}},"115":{"start":{"line":572,"column":54},"end":{"line":572,"column":70}},"116":{"start":{"line":574,"column":4},"end":{"line":576,"column":5}},"117":{"start":{"line":575,"column":6},"end":{"line":575,"column":63}},"118":{"start":{"line":578,"column":4},"end":{"line":578,"column":66}},"119":{"start":{"line":580,"column":4},"end":{"line":580,"column":78}},"120":{"start":{"line":613,"column":0},"end":{"line":643,"column":2}},"121":{"start":{"line":614,"column":28},"end":{"line":614,"column":38}},"122":{"start":{"line":616,"column":2},"end":{"line":642,"column":3}},"123":{"start":{"line":617,"column":20},"end":{"line":617,"column":73}},"124":{"start":{"line":618,"column":4},"end":{"line":620,"column":5}},"125":{"start":{"line":619,"column":6},"end":{"line":619,"column":59}},"126":{"start":{"line":622,"column":21},"end":{"line":622,"column":35}},"127":{"start":{"line":623,"column":21},"end":{"line":623,"column":71}},"128":{"start":{"line":623,"column":54},"end":{"line":623,"column":70}},"129":{"start":{"line":625,"column":4},"end":{"line":627,"column":5}},"130":{"start":{"line":626,"column":6},"end":{"line":626,"column":63}},"131":{"start":{"line":629,"column":45},"end":{"line":629,"column":53}},"132":{"start":{"line":630,"column":4},"end":{"line":634,"column":7}},"133":{"start":{"line":636,"column":4},"end":{"line":641,"column":6}},"134":{"start":{"line":690,"column":0},"end":{"line":733,"column":2}},"135":{"start":{"line":691,"column":21},"end":{"line":691,"column":31}},"136":{"start":{"line":692,"column":25},"end":{"line":692,"column":34}},"137":{"start":{"line":694,"column":2},"end":{"line":732,"column":3}},"138":{"start":{"line":695,"column":20},"end":{"line":695,"column":73}},"139":{"start":{"line":696,"column":4},"end":{"line":698,"column":5}},"140":{"start":{"line":697,"column":6},"end":{"line":697,"column":59}},"141":{"start":{"line":700,"column":21},"end":{"line":700,"column":35}},"142":{"start":{"line":701,"column":22},"end":{"line":701,"column":46}},"143":{"start":{"line":704,"column":30},"end":{"line":713,"column":6}},"144":{"start":{"line":706,"column":20},"end":{"line":706,"column":78}},"145":{"start":{"line":709,"column":8},"end":{"line":710,"column":62}},"146":{"start":{"line":712,"column":6},"end":{"line":712,"column":24}},"147":{"start":{"line":715,"column":4},"end":{"line":717,"column":5}},"148":{"start":{"line":716,"column":6},"end":{"line":716,"column":72}},"149":{"start":{"line":720,"column":21},"end":{"line":727,"column":7}},"150":{"start":{"line":720,"column":53},"end":{"line":727,"column":5}},"151":{"start":{"line":729,"column":4},"end":{"line":729,"column":80}},"152":{"start":{"line":731,"column":4},"end":{"line":731,"column":77}},"153":{"start":{"line":764,"column":0},"end":{"line":786,"column":2}},"154":{"start":{"line":765,"column":28},"end":{"line":765,"column":38}},"155":{"start":{"line":767,"column":2},"end":{"line":785,"column":3}},"156":{"start":{"line":768,"column":20},"end":{"line":768,"column":73}},"157":{"start":{"line":769,"column":4},"end":{"line":771,"column":5}},"158":{"start":{"line":770,"column":6},"end":{"line":770,"column":59}},"159":{"start":{"line":773,"column":21},"end":{"line":773,"column":35}},"160":{"start":{"line":774,"column":29},"end":{"line":776,"column":5}},"161":{"start":{"line":775,"column":15},"end":{"line":775,"column":31}},"162":{"start":{"line":778,"column":4},"end":{"line":780,"column":7}},"163":{"start":{"line":782,"column":4},"end":{"line":782,"column":67}},"164":{"start":{"line":784,"column":4},"end":{"line":784,"column":76}},"165":{"start":{"line":809,"column":0},"end":{"line":821,"column":2}},"166":{"start":{"line":810,"column":21},"end":{"line":810,"column":31}},"167":{"start":{"line":812,"column":2},"end":{"line":820,"column":3}},"168":{"start":{"line":813,"column":4},"end":{"line":815,"column":7}},"169":{"start":{"line":817,"column":4},"end":{"line":817,"column":72}},"170":{"start":{"line":819,"column":4},"end":{"line":819,"column":77}},"171":{"start":{"line":853,"column":0},"end":{"line":871,"column":2}},"172":{"start":{"line":854,"column":31},"end":{"line":854,"column":39}},"173":{"start":{"line":856,"column":2},"end":{"line":870,"column":3}},"174":{"start":{"line":858,"column":23},"end":{"line":860,"column":46}},"175":{"start":{"line":863,"column":4},"end":{"line":863,"column":80}},"176":{"start":{"line":865,"column":4},"end":{"line":867,"column":7}},"177":{"start":{"line":869,"column":4},"end":{"line":869,"column":73}},"178":{"start":{"line":903,"column":0},"end":{"line":914,"column":2}},"179":{"start":{"line":904,"column":34},"end":{"line":904,"column":42}},"180":{"start":{"line":906,"column":2},"end":{"line":913,"column":3}},"181":{"start":{"line":908,"column":4},"end":{"line":908,"column":77}},"182":{"start":{"line":910,"column":4},"end":{"line":910,"column":67}},"183":{"start":{"line":912,"column":4},"end":{"line":912,"column":76}},"184":{"start":{"line":939,"column":0},"end":{"line":967,"column":2}},"185":{"start":{"line":940,"column":21},"end":{"line":940,"column":31}},"186":{"start":{"line":942,"column":2},"end":{"line":966,"column":3}},"187":{"start":{"line":943,"column":20},"end":{"line":943,"column":73}},"188":{"start":{"line":944,"column":4},"end":{"line":946,"column":5}},"189":{"start":{"line":945,"column":6},"end":{"line":945,"column":59}},"190":{"start":{"line":948,"column":21},"end":{"line":948,"column":35}},"191":{"start":{"line":949,"column":22},"end":{"line":949,"column":49}},"192":{"start":{"line":950,"column":18},"end":{"line":950,"column":28}},"193":{"start":{"line":953,"column":23},"end":{"line":953,"column":60}},"194":{"start":{"line":954,"column":23},"end":{"line":954,"column":66}},"195":{"start":{"line":956,"column":4},"end":{"line":958,"column":7}},"196":{"start":{"line":960,"column":4},"end":{"line":965,"column":6}},"197":{"start":{"line":993,"column":0},"end":{"line":1016,"column":2}},"198":{"start":{"line":994,"column":21},"end":{"line":994,"column":31}},"199":{"start":{"line":996,"column":2},"end":{"line":1015,"column":3}},"200":{"start":{"line":997,"column":20},"end":{"line":997,"column":73}},"201":{"start":{"line":998,"column":4},"end":{"line":1000,"column":5}},"202":{"start":{"line":999,"column":6},"end":{"line":999,"column":59}},"203":{"start":{"line":1002,"column":21},"end":{"line":1002,"column":35}},"204":{"start":{"line":1003,"column":26},"end":{"line":1003,"column":51}},"205":{"start":{"line":1005,"column":4},"end":{"line":1007,"column":7}},"206":{"start":{"line":1009,"column":4},"end":{"line":1014,"column":6}},"207":{"start":{"line":1041,"column":0},"end":{"line":1057,"column":2}},"208":{"start":{"line":1042,"column":21},"end":{"line":1042,"column":31}},"209":{"start":{"line":1044,"column":2},"end":{"line":1056,"column":3}},"210":{"start":{"line":1045,"column":20},"end":{"line":1045,"column":73}},"211":{"start":{"line":1046,"column":4},"end":{"line":1048,"column":5}},"212":{"start":{"line":1047,"column":6},"end":{"line":1047,"column":59}},"213":{"start":{"line":1050,"column":21},"end":{"line":1050,"column":35}},"214":{"start":{"line":1051,"column":4},"end":{"line":1053,"column":7}},"215":{"start":{"line":1055,"column":4},"end":{"line":1055,"column":80}},"216":{"start":{"line":1095,"column":0},"end":{"line":1130,"column":2}},"217":{"start":{"line":1096,"column":38},"end":{"line":1096,"column":46}},"218":{"start":{"line":1098,"column":2},"end":{"line":1129,"column":3}},"219":{"start":{"line":1099,"column":20},"end":{"line":1099,"column":73}},"220":{"start":{"line":1100,"column":4},"end":{"line":1102,"column":5}},"221":{"start":{"line":1101,"column":6},"end":{"line":1101,"column":59}},"222":{"start":{"line":1104,"column":21},"end":{"line":1104,"column":35}},"223":{"start":{"line":1105,"column":26},"end":{"line":1107,"column":5}},"224":{"start":{"line":1106,"column":15},"end":{"line":1106,"column":31}},"225":{"start":{"line":1109,"column":4},"end":{"line":1111,"column":5}},"226":{"start":{"line":1110,"column":6},"end":{"line":1110,"column":63}},"227":{"start":{"line":1114,"column":4},"end":{"line":1114,"column":55}},"228":{"start":{"line":1117,"column":4},"end":{"line":1119,"column":7}},"229":{"start":{"line":1121,"column":4},"end":{"line":1121,"column":73}},"230":{"start":{"line":1123,"column":4},"end":{"line":1128,"column":6}},"231":{"start":{"line":1167,"column":0},"end":{"line":1199,"column":2}},"232":{"start":{"line":1168,"column":21},"end":{"line":1168,"column":31}},"233":{"start":{"line":1170,"column":2},"end":{"line":1198,"column":3}},"234":{"start":{"line":1172,"column":20},"end":{"line":1172,"column":73}},"235":{"start":{"line":1175,"column":4},"end":{"line":1177,"column":5}},"236":{"start":{"line":1176,"column":6},"end":{"line":1176,"column":59}},"237":{"start":{"line":1180,"column":21},"end":{"line":1180,"column":35}},"238":{"start":{"line":1181,"column":22},"end":{"line":1181,"column":40}},"239":{"start":{"line":1184,"column":4},"end":{"line":1190,"column":5}},"240":{"start":{"line":1185,"column":6},"end":{"line":1187,"column":9}},"241":{"start":{"line":1189,"column":6},"end":{"line":1189,"column":68}},"242":{"start":{"line":1192,"column":4},"end":{"line":1197,"column":6}},"243":{"start":{"line":1233,"column":0},"end":{"line":1262,"column":2}},"244":{"start":{"line":1234,"column":28},"end":{"line":1234,"column":36}},"245":{"start":{"line":1236,"column":2},"end":{"line":1238,"column":3}},"246":{"start":{"line":1237,"column":4},"end":{"line":1237,"column":73}},"247":{"start":{"line":1241,"column":2},"end":{"line":1247,"column":3}},"248":{"start":{"line":1242,"column":4},"end":{"line":1246,"column":6}},"249":{"start":{"line":1249,"column":2},"end":{"line":1261,"column":3}},"250":{"start":{"line":1250,"column":20},"end":{"line":1250,"column":73}},"251":{"start":{"line":1251,"column":4},"end":{"line":1253,"column":5}},"252":{"start":{"line":1252,"column":6},"end":{"line":1252,"column":60}},"253":{"start":{"line":1256,"column":4},"end":{"line":1256,"column":70}},"254":{"start":{"line":1258,"column":4},"end":{"line":1258,"column":76}},"255":{"start":{"line":1260,"column":4},"end":{"line":1260,"column":74}},"256":{"start":{"line":1303,"column":0},"end":{"line":1332,"column":2}},"257":{"start":{"line":1304,"column":21},"end":{"line":1304,"column":31}},"258":{"start":{"line":1306,"column":2},"end":{"line":1331,"column":3}},"259":{"start":{"line":1307,"column":20},"end":{"line":1307,"column":73}},"260":{"start":{"line":1309,"column":4},"end":{"line":1311,"column":5}},"261":{"start":{"line":1310,"column":6},"end":{"line":1310,"column":59}},"262":{"start":{"line":1313,"column":21},"end":{"line":1313,"column":35}},"263":{"start":{"line":1314,"column":24},"end":{"line":1319,"column":5}},"264":{"start":{"line":1321,"column":4},"end":{"line":1323,"column":7}},"265":{"start":{"line":1325,"column":4},"end":{"line":1330,"column":6}},"266":{"start":{"line":1370,"column":0},"end":{"line":1405,"column":2}},"267":{"start":{"line":1371,"column":69},"end":{"line":1371,"column":77}},"268":{"start":{"line":1373,"column":2},"end":{"line":1404,"column":3}},"269":{"start":{"line":1374,"column":20},"end":{"line":1374,"column":61}},"270":{"start":{"line":1375,"column":20},"end":{"line":1375,"column":39}},"271":{"start":{"line":1377,"column":4},"end":{"line":1379,"column":5}},"272":{"start":{"line":1378,"column":6},"end":{"line":1378,"column":59}},"273":{"start":{"line":1382,"column":24},"end":{"line":1382,"column":56}},"274":{"start":{"line":1385,"column":24},"end":{"line":1391,"column":5}},"275":{"start":{"line":1394,"column":4},"end":{"line":1394,"column":55}},"276":{"start":{"line":1396,"column":4},"end":{"line":1396,"column":77}},"277":{"start":{"line":1398,"column":4},"end":{"line":1403,"column":6}},"278":{"start":{"line":1446,"column":0},"end":{"line":1467,"column":2}},"279":{"start":{"line":1447,"column":2},"end":{"line":1466,"column":3}},"280":{"start":{"line":1448,"column":29},"end":{"line":1448,"column":37}},"281":{"start":{"line":1450,"column":4},"end":{"line":1456,"column":5}},"282":{"start":{"line":1455,"column":6},"end":{"line":1455,"column":70}},"283":{"start":{"line":1458,"column":28},"end":{"line":1458,"column":64}},"284":{"start":{"line":1460,"column":4},"end":{"line":1463,"column":7}},"285":{"start":{"line":1465,"column":4},"end":{"line":1465,"column":51}},"286":{"start":{"line":1505,"column":0},"end":{"line":1523,"column":2}},"287":{"start":{"line":1506,"column":2},"end":{"line":1522,"column":3}},"288":{"start":{"line":1507,"column":29},"end":{"line":1507,"column":37}},"289":{"start":{"line":1509,"column":4},"end":{"line":1515,"column":5}},"290":{"start":{"line":1514,"column":6},"end":{"line":1514,"column":70}},"291":{"start":{"line":1517,"column":26},"end":{"line":1517,"column":67}},"292":{"start":{"line":1519,"column":4},"end":{"line":1519,"column":53}},"293":{"start":{"line":1521,"column":4},"end":{"line":1521,"column":51}},"294":{"start":{"line":1565,"column":0},"end":{"line":1591,"column":2}},"295":{"start":{"line":1566,"column":2},"end":{"line":1590,"column":3}},"296":{"start":{"line":1567,"column":39},"end":{"line":1567,"column":47}},"297":{"start":{"line":1569,"column":4},"end":{"line":1580,"column":5}},"298":{"start":{"line":1577,"column":6},"end":{"line":1579,"column":62}},"299":{"start":{"line":1582,"column":30},"end":{"line":1585,"column":5}},"300":{"start":{"line":1587,"column":4},"end":{"line":1587,"column":57}},"301":{"start":{"line":1589,"column":4},"end":{"line":1589,"column":51}},"302":{"start":{"line":1633,"column":0},"end":{"line":1654,"column":2}},"303":{"start":{"line":1634,"column":2},"end":{"line":1653,"column":3}},"304":{"start":{"line":1635,"column":36},"end":{"line":1635,"column":44}},"305":{"start":{"line":1637,"column":4},"end":{"line":1646,"column":5}},"306":{"start":{"line":1645,"column":6},"end":{"line":1645,"column":79}},"307":{"start":{"line":1648,"column":29},"end":{"line":1648,"column":70}},"308":{"start":{"line":1650,"column":4},"end":{"line":1650,"column":47}},"309":{"start":{"line":1652,"column":4},"end":{"line":1652,"column":51}},"310":{"start":{"line":1692,"column":0},"end":{"line":1711,"column":2}},"311":{"start":{"line":1693,"column":2},"end":{"line":1710,"column":3}},"312":{"start":{"line":1694,"column":29},"end":{"line":1694,"column":37}},"313":{"start":{"line":1696,"column":4},"end":{"line":1702,"column":5}},"314":{"start":{"line":1701,"column":6},"end":{"line":1701,"column":70}},"315":{"start":{"line":1705,"column":6},"end":{"line":1705,"column":59}},"316":{"start":{"line":1707,"column":4},"end":{"line":1707,"column":46}},"317":{"start":{"line":1709,"column":4},"end":{"line":1709,"column":51}},"318":{"start":{"line":1753,"column":0},"end":{"line":1778,"column":2}},"319":{"start":{"line":1754,"column":2},"end":{"line":1777,"column":3}},"320":{"start":{"line":1755,"column":48},"end":{"line":1755,"column":56}},"321":{"start":{"line":1758,"column":4},"end":{"line":1769,"column":5}},"322":{"start":{"line":1766,"column":6},"end":{"line":1768,"column":71}},"323":{"start":{"line":1772,"column":27},"end":{"line":1772,"column":79}},"324":{"start":{"line":1774,"column":4},"end":{"line":1774,"column":45}},"325":{"start":{"line":1776,"column":4},"end":{"line":1776,"column":51}}},"fnMap":{"0":{"name":"(anonymous_0)","decl":{"start":{"line":56,"column":23},"end":{"line":56,"column":24}},"loc":{"start":{"line":56,"column":43},"end":{"line":80,"column":1}},"line":56},"1":{"name":"(anonymous_1)","decl":{"start":{"line":109,"column":20},"end":{"line":109,"column":21}},"loc":{"start":{"line":109,"column":40},"end":{"line":127,"column":1}},"line":109},"2":{"name":"(anonymous_2)","decl":{"start":{"line":165,"column":25},"end":{"line":165,"column":26}},"loc":{"start":{"line":165,"column":45},"end":{"line":211,"column":1}},"line":165},"3":{"name":"(anonymous_3)","decl":{"start":{"line":251,"column":27},"end":{"line":251,"column":28}},"loc":{"start":{"line":251,"column":47},"end":{"line":276,"column":1}},"line":251},"4":{"name":"(anonymous_4)","decl":{"start":{"line":253,"column":24},"end":{"line":253,"column":25}},"loc":{"start":{"line":253,"column":54},"end":{"line":275,"column":3}},"line":253},"5":{"name":"(anonymous_5)","decl":{"start":{"line":301,"column":27},"end":{"line":301,"column":28}},"loc":{"start":{"line":301,"column":47},"end":{"line":309,"column":1}},"line":301},"6":{"name":"(anonymous_6)","decl":{"start":{"line":334,"column":35},"end":{"line":334,"column":36}},"loc":{"start":{"line":334,"column":55},"end":{"line":349,"column":1}},"line":334},"7":{"name":"(anonymous_7)","decl":{"start":{"line":378,"column":21},"end":{"line":378,"column":22}},"loc":{"start":{"line":378,"column":41},"end":{"line":404,"column":1}},"line":378},"8":{"name":"(anonymous_8)","decl":{"start":{"line":435,"column":25},"end":{"line":435,"column":26}},"loc":{"start":{"line":435,"column":45},"end":{"line":452,"column":1}},"line":435},"9":{"name":"(anonymous_9)","decl":{"start":{"line":478,"column":22},"end":{"line":478,"column":23}},"loc":{"start":{"line":478,"column":42},"end":{"line":491,"column":1}},"line":478},"10":{"name":"(anonymous_10)","decl":{"start":{"line":516,"column":26},"end":{"line":516,"column":27}},"loc":{"start":{"line":516,"column":46},"end":{"line":531,"column":1}},"line":516},"11":{"name":"(anonymous_11)","decl":{"start":{"line":562,"column":26},"end":{"line":562,"column":27}},"loc":{"start":{"line":562,"column":46},"end":{"line":582,"column":1}},"line":562},"12":{"name":"(anonymous_12)","decl":{"start":{"line":572,"column":45},"end":{"line":572,"column":46}},"loc":{"start":{"line":572,"column":54},"end":{"line":572,"column":70}},"line":572},"13":{"name":"(anonymous_13)","decl":{"start":{"line":613,"column":29},"end":{"line":613,"column":30}},"loc":{"start":{"line":613,"column":49},"end":{"line":643,"column":1}},"line":613},"14":{"name":"(anonymous_14)","decl":{"start":{"line":623,"column":45},"end":{"line":623,"column":46}},"loc":{"start":{"line":623,"column":54},"end":{"line":623,"column":70}},"line":623},"15":{"name":"(anonymous_15)","decl":{"start":{"line":690,"column":26},"end":{"line":690,"column":27}},"loc":{"start":{"line":690,"column":46},"end":{"line":733,"column":1}},"line":690},"16":{"name":"(anonymous_16)","decl":{"start":{"line":704,"column":47},"end":{"line":704,"column":48}},"loc":{"start":{"line":704,"column":56},"end":{"line":713,"column":5}},"line":704},"17":{"name":"(anonymous_17)","decl":{"start":{"line":720,"column":43},"end":{"line":720,"column":44}},"loc":{"start":{"line":720,"column":53},"end":{"line":727,"column":5}},"line":720},"18":{"name":"(anonymous_18)","decl":{"start":{"line":764,"column":25},"end":{"line":764,"column":26}},"loc":{"start":{"line":764,"column":45},"end":{"line":786,"column":1}},"line":764},"19":{"name":"(anonymous_19)","decl":{"start":{"line":775,"column":6},"end":{"line":775,"column":7}},"loc":{"start":{"line":775,"column":15},"end":{"line":775,"column":31}},"line":775},"20":{"name":"(anonymous_20)","decl":{"start":{"line":809,"column":29},"end":{"line":809,"column":30}},"loc":{"start":{"line":809,"column":49},"end":{"line":821,"column":1}},"line":809},"21":{"name":"(anonymous_21)","decl":{"start":{"line":853,"column":26},"end":{"line":853,"column":27}},"loc":{"start":{"line":853,"column":46},"end":{"line":871,"column":1}},"line":853},"22":{"name":"(anonymous_22)","decl":{"start":{"line":903,"column":29},"end":{"line":903,"column":30}},"loc":{"start":{"line":903,"column":49},"end":{"line":914,"column":1}},"line":903},"23":{"name":"(anonymous_23)","decl":{"start":{"line":939,"column":29},"end":{"line":939,"column":30}},"loc":{"start":{"line":939,"column":49},"end":{"line":967,"column":1}},"line":939},"24":{"name":"(anonymous_24)","decl":{"start":{"line":993,"column":27},"end":{"line":993,"column":28}},"loc":{"start":{"line":993,"column":47},"end":{"line":1016,"column":1}},"line":993},"25":{"name":"(anonymous_25)","decl":{"start":{"line":1041,"column":23},"end":{"line":1041,"column":24}},"loc":{"start":{"line":1041,"column":43},"end":{"line":1057,"column":1}},"line":1041},"26":{"name":"(anonymous_26)","decl":{"start":{"line":1095,"column":30},"end":{"line":1095,"column":31}},"loc":{"start":{"line":1095,"column":50},"end":{"line":1130,"column":1}},"line":1095},"27":{"name":"(anonymous_27)","decl":{"start":{"line":1106,"column":6},"end":{"line":1106,"column":7}},"loc":{"start":{"line":1106,"column":15},"end":{"line":1106,"column":31}},"line":1106},"28":{"name":"(anonymous_28)","decl":{"start":{"line":1167,"column":28},"end":{"line":1167,"column":29}},"loc":{"start":{"line":1167,"column":48},"end":{"line":1199,"column":1}},"line":1167},"29":{"name":"(anonymous_29)","decl":{"start":{"line":1233,"column":22},"end":{"line":1233,"column":23}},"loc":{"start":{"line":1233,"column":42},"end":{"line":1262,"column":1}},"line":1233},"30":{"name":"(anonymous_30)","decl":{"start":{"line":1303,"column":25},"end":{"line":1303,"column":26}},"loc":{"start":{"line":1303,"column":45},"end":{"line":1332,"column":1}},"line":1303},"31":{"name":"(anonymous_31)","decl":{"start":{"line":1370,"column":28},"end":{"line":1370,"column":29}},"loc":{"start":{"line":1370,"column":48},"end":{"line":1405,"column":1}},"line":1370},"32":{"name":"(anonymous_32)","decl":{"start":{"line":1446,"column":28},"end":{"line":1446,"column":29}},"loc":{"start":{"line":1446,"column":48},"end":{"line":1467,"column":1}},"line":1446},"33":{"name":"(anonymous_33)","decl":{"start":{"line":1505,"column":24},"end":{"line":1505,"column":25}},"loc":{"start":{"line":1505,"column":44},"end":{"line":1523,"column":1}},"line":1505},"34":{"name":"(anonymous_34)","decl":{"start":{"line":1565,"column":28},"end":{"line":1565,"column":29}},"loc":{"start":{"line":1565,"column":48},"end":{"line":1591,"column":1}},"line":1565},"35":{"name":"(anonymous_35)","decl":{"start":{"line":1633,"column":27},"end":{"line":1633,"column":28}},"loc":{"start":{"line":1633,"column":47},"end":{"line":1654,"column":1}},"line":1633},"36":{"name":"(anonymous_36)","decl":{"start":{"line":1692,"column":36},"end":{"line":1692,"column":37}},"loc":{"start":{"line":1692,"column":56},"end":{"line":1711,"column":1}},"line":1692},"37":{"name":"(anonymous_37)","decl":{"start":{"line":1753,"column":24},"end":{"line":1753,"column":25}},"loc":{"start":{"line":1753,"column":44},"end":{"line":1778,"column":1}},"line":1753}},"branchMap":{"0":{"loc":{"start":{"line":121,"column":4},"end":{"line":125,"column":5}},"type":"if","locations":[{"start":{"line":121,"column":4},"end":{"line":125,"column":5}},{"start":{"line":123,"column":11},"end":{"line":125,"column":5}}],"line":121},"1":{"loc":{"start":{"line":121,"column":8},"end":{"line":121,"column":55}},"type":"binary-expr","locations":[{"start":{"line":121,"column":8},"end":{"line":121,"column":22}},{"start":{"line":121,"column":26},"end":{"line":121,"column":55}}],"line":121},"2":{"loc":{"start":{"line":169,"column":4},"end":{"line":175,"column":5}},"type":"if","locations":[{"start":{"line":169,"column":4},"end":{"line":175,"column":5}},{"start":{},"end":{}}],"line":169},"3":{"loc":{"start":{"line":169,"column":8},"end":{"line":169,"column":23}},"type":"binary-expr","locations":[{"start":{"line":169,"column":8},"end":{"line":169,"column":13}},{"start":{"line":169,"column":17},"end":{"line":169,"column":23}}],"line":169},"4":{"loc":{"start":{"line":181,"column":4},"end":{"line":201,"column":5}},"type":"if","locations":[{"start":{"line":181,"column":4},"end":{"line":201,"column":5}},{"start":{},"end":{}}],"line":181},"5":{"loc":{"start":{"line":182,"column":27},"end":{"line":182,"column":69}},"type":"cond-expr","locations":[{"start":{"line":182,"column":51},"end":{"line":182,"column":60}},{"start":{"line":182,"column":63},"end":{"line":182,"column":69}}],"line":182},"6":{"loc":{"start":{"line":185,"column":6},"end":{"line":187,"column":7}},"type":"if","locations":[{"start":{"line":185,"column":6},"end":{"line":187,"column":7}},{"start":{},"end":{}}],"line":185},"7":{"loc":{"start":{"line":254,"column":4},"end":{"line":258,"column":5}},"type":"if","locations":[{"start":{"line":254,"column":4},"end":{"line":258,"column":5}},{"start":{"line":256,"column":11},"end":{"line":258,"column":5}}],"line":254},"8":{"loc":{"start":{"line":256,"column":11},"end":{"line":258,"column":5}},"type":"if","locations":[{"start":{"line":256,"column":11},"end":{"line":258,"column":5}},{"start":{},"end":{}}],"line":256},"9":{"loc":{"start":{"line":261,"column":20},"end":{"line":261,"column":40}},"type":"binary-expr","locations":[{"start":{"line":261,"column":20},"end":{"line":261,"column":34}},{"start":{"line":261,"column":38},"end":{"line":261,"column":40}}],"line":261},"10":{"loc":{"start":{"line":382,"column":2},"end":{"line":384,"column":3}},"type":"if","locations":[{"start":{"line":382,"column":2},"end":{"line":384,"column":3}},{"start":{},"end":{}}],"line":382},"11":{"loc":{"start":{"line":386,"column":2},"end":{"line":390,"column":3}},"type":"if","locations":[{"start":{"line":386,"column":2},"end":{"line":390,"column":3}},{"start":{},"end":{}}],"line":386},"12":{"loc":{"start":{"line":386,"column":6},"end":{"line":386,"column":31}},"type":"binary-expr","locations":[{"start":{"line":386,"column":6},"end":{"line":386,"column":14}},{"start":{"line":386,"column":18},"end":{"line":386,"column":31}}],"line":386},"13":{"loc":{"start":{"line":438,"column":2},"end":{"line":442,"column":3}},"type":"if","locations":[{"start":{"line":438,"column":2},"end":{"line":442,"column":3}},{"start":{},"end":{}}],"line":438},"14":{"loc":{"start":{"line":438,"column":6},"end":{"line":438,"column":28}},"type":"binary-expr","locations":[{"start":{"line":438,"column":6},"end":{"line":438,"column":12}},{"start":{"line":438,"column":16},"end":{"line":438,"column":28}}],"line":438},"15":{"loc":{"start":{"line":481,"column":2},"end":{"line":483,"column":3}},"type":"if","locations":[{"start":{"line":481,"column":2},"end":{"line":483,"column":3}},{"start":{},"end":{}}],"line":481},"16":{"loc":{"start":{"line":521,"column":4},"end":{"line":523,"column":5}},"type":"if","locations":[{"start":{"line":521,"column":4},"end":{"line":523,"column":5}},{"start":{},"end":{}}],"line":521},"17":{"loc":{"start":{"line":526,"column":22},"end":{"line":526,"column":46}},"type":"binary-expr","locations":[{"start":{"line":526,"column":22},"end":{"line":526,"column":40}},{"start":{"line":526,"column":44},"end":{"line":526,"column":46}}],"line":526},"18":{"loc":{"start":{"line":567,"column":4},"end":{"line":569,"column":5}},"type":"if","locations":[{"start":{"line":567,"column":4},"end":{"line":569,"column":5}},{"start":{},"end":{}}],"line":567},"19":{"loc":{"start":{"line":574,"column":4},"end":{"line":576,"column":5}},"type":"if","locations":[{"start":{"line":574,"column":4},"end":{"line":576,"column":5}},{"start":{},"end":{}}],"line":574},"20":{"loc":{"start":{"line":618,"column":4},"end":{"line":620,"column":5}},"type":"if","locations":[{"start":{"line":618,"column":4},"end":{"line":620,"column":5}},{"start":{},"end":{}}],"line":618},"21":{"loc":{"start":{"line":625,"column":4},"end":{"line":627,"column":5}},"type":"if","locations":[{"start":{"line":625,"column":4},"end":{"line":627,"column":5}},{"start":{},"end":{}}],"line":625},"22":{"loc":{"start":{"line":696,"column":4},"end":{"line":698,"column":5}},"type":"if","locations":[{"start":{"line":696,"column":4},"end":{"line":698,"column":5}},{"start":{},"end":{}}],"line":696},"23":{"loc":{"start":{"line":701,"column":22},"end":{"line":701,"column":46}},"type":"binary-expr","locations":[{"start":{"line":701,"column":22},"end":{"line":701,"column":40}},{"start":{"line":701,"column":44},"end":{"line":701,"column":46}}],"line":701},"24":{"loc":{"start":{"line":706,"column":20},"end":{"line":706,"column":78}},"type":"cond-expr","locations":[{"start":{"line":706,"column":47},"end":{"line":706,"column":66}},{"start":{"line":706,"column":69},"end":{"line":706,"column":78}}],"line":706},"25":{"loc":{"start":{"line":709,"column":8},"end":{"line":710,"column":62}},"type":"binary-expr","locations":[{"start":{"line":709,"column":8},"end":{"line":709,"column":33}},{"start":{"line":710,"column":8},"end":{"line":710,"column":62}}],"line":709},"26":{"loc":{"start":{"line":715,"column":4},"end":{"line":717,"column":5}},"type":"if","locations":[{"start":{"line":715,"column":4},"end":{"line":717,"column":5}},{"start":{},"end":{}}],"line":715},"27":{"loc":{"start":{"line":722,"column":13},"end":{"line":722,"column":71}},"type":"cond-expr","locations":[{"start":{"line":722,"column":40},"end":{"line":722,"column":59}},{"start":{"line":722,"column":62},"end":{"line":722,"column":71}}],"line":722},"28":{"loc":{"start":{"line":724,"column":8},"end":{"line":726,"column":14}},"type":"cond-expr","locations":[{"start":{"line":725,"column":12},"end":{"line":725,"column":54}},{"start":{"line":726,"column":12},"end":{"line":726,"column":14}}],"line":724},"29":{"loc":{"start":{"line":769,"column":4},"end":{"line":771,"column":5}},"type":"if","locations":[{"start":{"line":769,"column":4},"end":{"line":771,"column":5}},{"start":{},"end":{}}],"line":769},"30":{"loc":{"start":{"line":944,"column":4},"end":{"line":946,"column":5}},"type":"if","locations":[{"start":{"line":944,"column":4},"end":{"line":946,"column":5}},{"start":{},"end":{}}],"line":944},"31":{"loc":{"start":{"line":998,"column":4},"end":{"line":1000,"column":5}},"type":"if","locations":[{"start":{"line":998,"column":4},"end":{"line":1000,"column":5}},{"start":{},"end":{}}],"line":998},"32":{"loc":{"start":{"line":1046,"column":4},"end":{"line":1048,"column":5}},"type":"if","locations":[{"start":{"line":1046,"column":4},"end":{"line":1048,"column":5}},{"start":{},"end":{}}],"line":1046},"33":{"loc":{"start":{"line":1100,"column":4},"end":{"line":1102,"column":5}},"type":"if","locations":[{"start":{"line":1100,"column":4},"end":{"line":1102,"column":5}},{"start":{},"end":{}}],"line":1100},"34":{"loc":{"start":{"line":1109,"column":4},"end":{"line":1111,"column":5}},"type":"if","locations":[{"start":{"line":1109,"column":4},"end":{"line":1111,"column":5}},{"start":{},"end":{}}],"line":1109},"35":{"loc":{"start":{"line":1175,"column":4},"end":{"line":1177,"column":5}},"type":"if","locations":[{"start":{"line":1175,"column":4},"end":{"line":1177,"column":5}},{"start":{},"end":{}}],"line":1175},"36":{"loc":{"start":{"line":1184,"column":4},"end":{"line":1190,"column":5}},"type":"if","locations":[{"start":{"line":1184,"column":4},"end":{"line":1190,"column":5}},{"start":{"line":1188,"column":11},"end":{"line":1190,"column":5}}],"line":1184},"37":{"loc":{"start":{"line":1236,"column":2},"end":{"line":1238,"column":3}},"type":"if","locations":[{"start":{"line":1236,"column":2},"end":{"line":1238,"column":3}},{"start":{},"end":{}}],"line":1236},"38":{"loc":{"start":{"line":1236,"column":6},"end":{"line":1236,"column":23}},"type":"binary-expr","locations":[{"start":{"line":1236,"column":6},"end":{"line":1236,"column":13}},{"start":{"line":1236,"column":17},"end":{"line":1236,"column":23}}],"line":1236},"39":{"loc":{"start":{"line":1241,"column":2},"end":{"line":1247,"column":3}},"type":"if","locations":[{"start":{"line":1241,"column":2},"end":{"line":1247,"column":3}},{"start":{},"end":{}}],"line":1241},"40":{"loc":{"start":{"line":1241,"column":6},"end":{"line":1241,"column":43}},"type":"binary-expr","locations":[{"start":{"line":1241,"column":6},"end":{"line":1241,"column":23}},{"start":{"line":1241,"column":27},"end":{"line":1241,"column":43}}],"line":1241},"41":{"loc":{"start":{"line":1251,"column":4},"end":{"line":1253,"column":5}},"type":"if","locations":[{"start":{"line":1251,"column":4},"end":{"line":1253,"column":5}},{"start":{},"end":{}}],"line":1251},"42":{"loc":{"start":{"line":1309,"column":4},"end":{"line":1311,"column":5}},"type":"if","locations":[{"start":{"line":1309,"column":4},"end":{"line":1311,"column":5}},{"start":{},"end":{}}],"line":1309},"43":{"loc":{"start":{"line":1314,"column":24},"end":{"line":1319,"column":5}},"type":"binary-expr","locations":[{"start":{"line":1314,"column":24},"end":{"line":1314,"column":44}},{"start":{"line":1314,"column":48},"end":{"line":1319,"column":5}}],"line":1314},"44":{"loc":{"start":{"line":1377,"column":4},"end":{"line":1379,"column":5}},"type":"if","locations":[{"start":{"line":1377,"column":4},"end":{"line":1379,"column":5}},{"start":{},"end":{}}],"line":1377},"45":{"loc":{"start":{"line":1382,"column":24},"end":{"line":1382,"column":56}},"type":"binary-expr","locations":[{"start":{"line":1382,"column":24},"end":{"line":1382,"column":50}},{"start":{"line":1382,"column":54},"end":{"line":1382,"column":56}}],"line":1382},"46":{"loc":{"start":{"line":1386,"column":14},"end":{"line":1386,"column":64}},"type":"cond-expr","locations":[{"start":{"line":1386,"column":37},"end":{"line":1386,"column":43}},{"start":{"line":1386,"column":46},"end":{"line":1386,"column":64}}],"line":1386},"47":{"loc":{"start":{"line":1387,"column":16},"end":{"line":1387,"column":72}},"type":"cond-expr","locations":[{"start":{"line":1387,"column":41},"end":{"line":1387,"column":49}},{"start":{"line":1387,"column":52},"end":{"line":1387,"column":72}}],"line":1387},"48":{"loc":{"start":{"line":1388,"column":16},"end":{"line":1388,"column":72}},"type":"cond-expr","locations":[{"start":{"line":1388,"column":41},"end":{"line":1388,"column":49}},{"start":{"line":1388,"column":52},"end":{"line":1388,"column":72}}],"line":1388},"49":{"loc":{"start":{"line":1389,"column":17},"end":{"line":1389,"column":76}},"type":"cond-expr","locations":[{"start":{"line":1389,"column":43},"end":{"line":1389,"column":52}},{"start":{"line":1389,"column":55},"end":{"line":1389,"column":76}}],"line":1389},"50":{"loc":{"start":{"line":1390,"column":15},"end":{"line":1390,"column":68}},"type":"cond-expr","locations":[{"start":{"line":1390,"column":39},"end":{"line":1390,"column":46}},{"start":{"line":1390,"column":49},"end":{"line":1390,"column":68}}],"line":1390},"51":{"loc":{"start":{"line":1450,"column":4},"end":{"line":1456,"column":5}},"type":"if","locations":[{"start":{"line":1450,"column":4},"end":{"line":1456,"column":5}},{"start":{},"end":{}}],"line":1450},"52":{"loc":{"start":{"line":1451,"column":6},"end":{"line":1453,"column":32}},"type":"binary-expr","locations":[{"start":{"line":1451,"column":6},"end":{"line":1451,"column":19}},{"start":{"line":1452,"column":6},"end":{"line":1452,"column":38}},{"start":{"line":1453,"column":6},"end":{"line":1453,"column":32}}],"line":1451},"53":{"loc":{"start":{"line":1509,"column":4},"end":{"line":1515,"column":5}},"type":"if","locations":[{"start":{"line":1509,"column":4},"end":{"line":1515,"column":5}},{"start":{},"end":{}}],"line":1509},"54":{"loc":{"start":{"line":1510,"column":6},"end":{"line":1512,"column":32}},"type":"binary-expr","locations":[{"start":{"line":1510,"column":6},"end":{"line":1510,"column":19}},{"start":{"line":1511,"column":6},"end":{"line":1511,"column":38}},{"start":{"line":1512,"column":6},"end":{"line":1512,"column":32}}],"line":1510},"55":{"loc":{"start":{"line":1569,"column":4},"end":{"line":1580,"column":5}},"type":"if","locations":[{"start":{"line":1569,"column":4},"end":{"line":1580,"column":5}},{"start":{},"end":{}}],"line":1569},"56":{"loc":{"start":{"line":1570,"column":6},"end":{"line":1575,"column":28}},"type":"binary-expr","locations":[{"start":{"line":1570,"column":6},"end":{"line":1570,"column":19}},{"start":{"line":1571,"column":6},"end":{"line":1571,"column":38}},{"start":{"line":1572,"column":6},"end":{"line":1572,"column":32}},{"start":{"line":1573,"column":6},"end":{"line":1573,"column":15}},{"start":{"line":1574,"column":6},"end":{"line":1574,"column":34}},{"start":{"line":1575,"column":6},"end":{"line":1575,"column":28}}],"line":1570},"57":{"loc":{"start":{"line":1637,"column":4},"end":{"line":1646,"column":5}},"type":"if","locations":[{"start":{"line":1637,"column":4},"end":{"line":1646,"column":5}},{"start":{},"end":{}}],"line":1637},"58":{"loc":{"start":{"line":1638,"column":6},"end":{"line":1643,"column":25}},"type":"binary-expr","locations":[{"start":{"line":1638,"column":6},"end":{"line":1638,"column":19}},{"start":{"line":1639,"column":6},"end":{"line":1639,"column":38}},{"start":{"line":1640,"column":6},"end":{"line":1640,"column":32}},{"start":{"line":1641,"column":6},"end":{"line":1641,"column":12}},{"start":{"line":1642,"column":6},"end":{"line":1642,"column":31}},{"start":{"line":1643,"column":6},"end":{"line":1643,"column":25}}],"line":1638},"59":{"loc":{"start":{"line":1696,"column":4},"end":{"line":1702,"column":5}},"type":"if","locations":[{"start":{"line":1696,"column":4},"end":{"line":1702,"column":5}},{"start":{},"end":{}}],"line":1696},"60":{"loc":{"start":{"line":1697,"column":6},"end":{"line":1699,"column":32}},"type":"binary-expr","locations":[{"start":{"line":1697,"column":6},"end":{"line":1697,"column":19}},{"start":{"line":1698,"column":6},"end":{"line":1698,"column":38}},{"start":{"line":1699,"column":6},"end":{"line":1699,"column":32}}],"line":1697},"61":{"loc":{"start":{"line":1758,"column":4},"end":{"line":1769,"column":5}},"type":"if","locations":[{"start":{"line":1758,"column":4},"end":{"line":1769,"column":5}},{"start":{},"end":{}}],"line":1758},"62":{"loc":{"start":{"line":1759,"column":6},"end":{"line":1764,"column":42}},"type":"binary-expr","locations":[{"start":{"line":1759,"column":6},"end":{"line":1759,"column":14}},{"start":{"line":1760,"column":6},"end":{"line":1760,"column":33}},{"start":{"line":1761,"column":6},"end":{"line":1761,"column":27}},{"start":{"line":1762,"column":6},"end":{"line":1762,"column":29}},{"start":{"line":1763,"column":6},"end":{"line":1763,"column":48}},{"start":{"line":1764,"column":6},"end":{"line":1764,"column":42}}],"line":1759}},"s":{"0":3,"1":3,"2":3,"3":3,"4":3,"5":3,"6":3,"7":3,"8":3,"9":2,"10":2,"11":2,"12":1,"13":1,"14":1,"15":1,"16":1,"17":1,"18":1,"19":3,"20":2,"21":2,"22":2,"23":1,"24":1,"25":1,"26":0,"27":1,"28":3,"29":3,"30":3,"31":3,"32":1,"33":2,"34":2,"35":2,"36":2,"37":2,"38":2,"39":1,"40":1,"41":1,"42":1,"43":0,"44":3,"45":0,"46":0,"47":0,"48":0,"49":0,"50":0,"51":0,"52":0,"53":0,"54":0,"55":0,"56":3,"57":0,"58":0,"59":0,"60":0,"61":0,"62":3,"63":0,"64":0,"65":0,"66":0,"67":0,"68":3,"69":0,"70":0,"71":0,"72":0,"73":0,"74":0,"75":0,"76":0,"77":0,"78":0,"79":0,"80":0,"81":3,"82":0,"83":0,"84":0,"85":0,"86":0,"87":0,"88":0,"89":3,"90":0,"91":0,"92":0,"93":0,"94":0,"95":0,"96":0,"97":3,"98":0,"99":0,"100":0,"101":0,"102":0,"103":0,"104":0,"105":0,"106":0,"107":3,"108":0,"109":0,"110":0,"111":0,"112":0,"113":0,"114":0,"115":0,"116":0,"117":0,"118":0,"119":0,"120":3,"121":0,"122":0,"123":0,"124":0,"125":0,"126":0,"127":0,"128":0,"129":0,"130":0,"131":0,"132":0,"133":0,"134":3,"135":0,"136":0,"137":0,"138":0,"139":0,"140":0,"141":0,"142":0,"143":0,"144":0,"145":0,"146":0,"147":0,"148":0,"149":0,"150":0,"151":0,"152":0,"153":3,"154":0,"155":0,"156":0,"157":0,"158":0,"159":0,"160":0,"161":0,"162":0,"163":0,"164":0,"165":3,"166":0,"167":0,"168":0,"169":0,"170":0,"171":3,"172":0,"173":0,"174":0,"175":0,"176":0,"177":0,"178":3,"179":0,"180":0,"181":0,"182":0,"183":0,"184":3,"185":0,"186":0,"187":0,"188":0,"189":0,"190":0,"191":0,"192":0,"193":0,"194":0,"195":0,"196":0,"197":3,"198":0,"199":0,"200":0,"201":0,"202":0,"203":0,"204":0,"205":0,"206":0,"207":3,"208":0,"209":0,"210":0,"211":0,"212":0,"213":0,"214":0,"215":0,"216":3,"217":0,"218":0,"219":0,"220":0,"221":0,"222":0,"223":0,"224":0,"225":0,"226":0,"227":0,"228":0,"229":0,"230":0,"231":3,"232":0,"233":0,"234":0,"235":0,"236":0,"237":0,"238":0,"239":0,"240":0,"241":0,"242":0,"243":3,"244":0,"245":0,"246":0,"247":0,"248":0,"249":0,"250":0,"251":0,"252":0,"253":0,"254":0,"255":0,"256":3,"257":0,"258":0,"259":0,"260":0,"261":0,"262":0,"263":0,"264":0,"265":0,"266":3,"267":0,"268":0,"269":0,"270":0,"271":0,"272":0,"273":0,"274":0,"275":0,"276":0,"277":0,"278":3,"279":0,"280":0,"281":0,"282":0,"283":0,"284":0,"285":0,"286":3,"287":0,"288":0,"289":0,"290":0,"291":0,"292":0,"293":0,"294":3,"295":0,"296":0,"297":0,"298":0,"299":0,"300":0,"301":0,"302":3,"303":0,"304":0,"305":0,"306":0,"307":0,"308":0,"309":0,"310":3,"311":0,"312":0,"313":0,"314":0,"315":0,"316":0,"317":0,"318":3,"319":0,"320":0,"321":0,"322":0,"323":0,"324":0,"325":0},"f":{"0":2,"1":2,"2":3,"3":0,"4":0,"5":0,"6":0,"7":0,"8":0,"9":0,"10":0,"11":0,"12":0,"13":0,"14":0,"15":0,"16":0,"17":0,"18":0,"19":0,"20":0,"21":0,"22":0,"23":0,"24":0,"25":0,"26":0,"27":0,"28":0,"29":0,"30":0,"31":0,"32":0,"33":0,"34":0,"35":0,"36":0,"37":0},"b":{"0":[0,1],"1":[1,0],"2":[1,2],"3":[3,2],"4":[2,0],"5":[2,0],"6":[1,1],"7":[0,0],"8":[0,0],"9":[0,0],"10":[0,0],"11":[0,0],"12":[0,0],"13":[0,0],"14":[0,0],"15":[0,0],"16":[0,0],"17":[0,0],"18":[0,0],"19":[0,0],"20":[0,0],"21":[0,0],"22":[0,0],"23":[0,0],"24":[0,0],"25":[0,0],"26":[0,0],"27":[0,0],"28":[0,0],"29":[0,0],"30":[0,0],"31":[0,0],"32":[0,0],"33":[0,0],"34":[0,0],"35":[0,0],"36":[0,0],"37":[0,0],"38":[0,0],"39":[0,0],"40":[0,0],"41":[0,0],"42":[0,0],"43":[0,0],"44":[0,0],"45":[0,0],"46":[0,0],"47":[0,0],"48":[0,0],"49":[0,0],"50":[0,0],"51":[0,0],"52":[0,0,0],"53":[0,0],"54":[0,0,0],"55":[0,0],"56":[0,0,0,0,0,0],"57":[0,0],"58":[0,0,0,0,0,0],"59":[0,0],"60":[0,0,0],"61":[0,0],"62":[0,0,0,0,0,0]},"_coverageSchema":"1a1c01bbd47fc00a2c39e90264f33305004495a9","hash":"03b0a06427b82af743d6748e7d2dabb8fcfee3e7"}
,"D:\\DocuThinker-AI-App\\backend\\models\\models.js": {"path":"D:\\DocuThinker-AI-App\\backend\\models\\models.js","statementMap":{"0":{"start":{"line":1,"column":22},"end":{"line":1,"column":53}},"1":{"start":{"line":57,"column":13},"end":{"line":116,"column":1}},"2":{"start":{"line":65,"column":4},"end":{"line":69,"column":7}},"3":{"start":{"line":78,"column":20},"end":{"line":78,"column":70}},"4":{"start":{"line":79,"column":4},"end":{"line":79,"column":50}},"5":{"start":{"line":88,"column":4},"end":{"line":88,"column":77}},"6":{"start":{"line":97,"column":4},"end":{"line":97,"column":67}},"7":{"start":{"line":106,"column":4},"end":{"line":106,"column":73}},"8":{"start":{"line":114,"column":4},"end":{"line":114,"column":75}},"9":{"start":{"line":153,"column":17},"end":{"line":217,"column":1}},"10":{"start":{"line":160,"column":4},"end":{"line":165,"column":9}},"11":{"start":{"line":175,"column":20},"end":{"line":175,"column":73}},"12":{"start":{"line":176,"column":4},"end":{"line":176,"column":59}},"13":{"start":{"line":176,"column":25},"end":{"line":176,"column":59}},"14":{"start":{"line":178,"column":22},"end":{"line":182,"column":7}},"15":{"start":{"line":181,"column":8},"end":{"line":181,"column":60}},"16":{"start":{"line":184,"column":4},"end":{"line":184,"column":74}},"17":{"start":{"line":194,"column":20},"end":{"line":194,"column":73}},"18":{"start":{"line":195,"column":4},"end":{"line":195,"column":59}},"19":{"start":{"line":195,"column":25},"end":{"line":195,"column":59}},"20":{"start":{"line":197,"column":4},"end":{"line":197,"column":76}},"21":{"start":{"line":197,"column":50},"end":{"line":197,"column":66}},"22":{"start":{"line":206,"column":20},"end":{"line":206,"column":73}},"23":{"start":{"line":207,"column":4},"end":{"line":207,"column":59}},"24":{"start":{"line":207,"column":25},"end":{"line":207,"column":59}},"25":{"start":{"line":209,"column":29},"end":{"line":211,"column":50}},"26":{"start":{"line":211,"column":33},"end":{"line":211,"column":49}},"27":{"start":{"line":213,"column":4},"end":{"line":215,"column":7}},"28":{"start":{"line":252,"column":0},"end":{"line":252,"column":36}}},"fnMap":{"0":{"name":"(anonymous_0)","decl":{"start":{"line":64,"column":2},"end":{"line":64,"column":3}},"loc":{"start":{"line":64,"column":38},"end":{"line":70,"column":3}},"line":64},"1":{"name":"(anonymous_1)","decl":{"start":{"line":77,"column":2},"end":{"line":77,"column":3}},"loc":{"start":{"line":77,"column":21},"end":{"line":80,"column":3}},"line":77},"2":{"name":"(anonymous_2)","decl":{"start":{"line":87,"column":2},"end":{"line":87,"column":3}},"loc":{"start":{"line":87,"column":35},"end":{"line":89,"column":3}},"line":87},"3":{"name":"(anonymous_3)","decl":{"start":{"line":96,"column":2},"end":{"line":96,"column":3}},"loc":{"start":{"line":96,"column":32},"end":{"line":98,"column":3}},"line":96},"4":{"name":"(anonymous_4)","decl":{"start":{"line":105,"column":2},"end":{"line":105,"column":3}},"loc":{"start":{"line":105,"column":44},"end":{"line":107,"column":3}},"line":105},"5":{"name":"(anonymous_5)","decl":{"start":{"line":113,"column":2},"end":{"line":113,"column":3}},"loc":{"start":{"line":113,"column":32},"end":{"line":115,"column":3}},"line":113},"6":{"name":"(anonymous_6)","decl":{"start":{"line":159,"column":2},"end":{"line":159,"column":3}},"loc":{"start":{"line":159,"column":25},"end":{"line":166,"column":3}},"line":159},"7":{"name":"(anonymous_7)","decl":{"start":{"line":174,"column":2},"end":{"line":174,"column":3}},"loc":{"start":{"line":174,"column":45},"end":{"line":185,"column":3}},"line":174},"8":{"name":"(anonymous_8)","decl":{"start":{"line":180,"column":21},"end":{"line":180,"column":22}},"loc":{"start":{"line":181,"column":8},"end":{"line":181,"column":60}},"line":181},"9":{"name":"(anonymous_9)","decl":{"start":{"line":193,"column":2},"end":{"line":193,"column":3}},"loc":{"start":{"line":193,"column":31},"end":{"line":198,"column":3}},"line":193},"10":{"name":"(anonymous_10)","decl":{"start":{"line":197,"column":41},"end":{"line":197,"column":42}},"loc":{"start":{"line":197,"column":50},"end":{"line":197,"column":66}},"line":197},"11":{"name":"(anonymous_11)","decl":{"start":{"line":205,"column":2},"end":{"line":205,"column":3}},"loc":{"start":{"line":205,"column":30},"end":{"line":216,"column":3}},"line":205},"12":{"name":"(anonymous_12)","decl":{"start":{"line":211,"column":24},"end":{"line":211,"column":25}},"loc":{"start":{"line":211,"column":33},"end":{"line":211,"column":49}},"line":211}},"branchMap":{"0":{"loc":{"start":{"line":79,"column":11},"end":{"line":79,"column":49}},"type":"cond-expr","locations":[{"start":{"line":79,"column":28},"end":{"line":79,"column":42}},{"start":{"line":79,"column":45},"end":{"line":79,"column":49}}],"line":79},"1":{"loc":{"start":{"line":176,"column":4},"end":{"line":176,"column":59}},"type":"if","locations":[{"start":{"line":176,"column":4},"end":{"line":176,"column":59}},{"start":{},"end":{}}],"line":176},"2":{"loc":{"start":{"line":181,"column":8},"end":{"line":181,"column":60}},"type":"cond-expr","locations":[{"start":{"line":181,"column":27},"end":{"line":181,"column":54}},{"start":{"line":181,"column":57},"end":{"line":181,"column":60}}],"line":181},"3":{"loc":{"start":{"line":195,"column":4},"end":{"line":195,"column":59}},"type":"if","locations":[{"start":{"line":195,"column":4},"end":{"line":195,"column":59}},{"start":{},"end":{}}],"line":195},"4":{"loc":{"start":{"line":197,"column":11},"end":{"line":197,"column":75}},"type":"binary-expr","locations":[{"start":{"line":197,"column":11},"end":{"line":197,"column":67}},{"start":{"line":197,"column":71},"end":{"line":197,"column":75}}],"line":197},"5":{"loc":{"start":{"line":207,"column":4},"end":{"line":207,"column":59}},"type":"if","locations":[{"start":{"line":207,"column":4},"end":{"line":207,"column":59}},{"start":{},"end":{}}],"line":207}},"s":{"0":3,"1":3,"2":1,"3":0,"4":0,"5":0,"6":0,"7":0,"8":0,"9":3,"10":0,"11":0,"12":0,"13":0,"14":0,"15":0,"16":0,"17":0,"18":0,"19":0,"20":0,"21":0,"22":0,"23":0,"24":0,"25":0,"26":0,"27":0,"28":3},"f":{"0":1,"1":0,"2":0,"3":0,"4":0,"5":0,"6":0,"7":0,"8":0,"9":0,"10":0,"11":0,"12":0},"b":{"0":[0,0],"1":[0,0],"2":[0,0],"3":[0,0],"4":[0,0],"5":[0,0]},"_coverageSchema":"1a1c01bbd47fc00a2c39e90264f33305004495a9","hash":"68c0388e22b44bf27d6a56486a629374444c51eb"}
}
