TN:
SF:controllers\controllers.js
FN:56,(anonymous_0)
FN:109,(anonymous_1)
FN:165,(anonymous_2)
FN:251,(anonymous_3)
FN:253,(anonymous_4)
FN:301,(anonymous_5)
FN:334,(anonymous_6)
FN:378,(anonymous_7)
FN:435,(anonymous_8)
FN:478,(anonymous_9)
FN:516,(anonymous_10)
FN:562,(anonymous_11)
FN:572,(anonymous_12)
FN:613,(anonymous_13)
FN:623,(anonymous_14)
FN:690,(anonymous_15)
FN:704,(anonymous_16)
FN:720,(anonymous_17)
FN:764,(anonymous_18)
FN:775,(anonymous_19)
FN:809,(anonymous_20)
FN:853,(anonymous_21)
FN:903,(anonymous_22)
FN:939,(anonymous_23)
FN:993,(anonymous_24)
FN:1041,(anonymous_25)
FN:1095,(anonymous_26)
FN:1106,(anonymous_27)
FN:1167,(anonymous_28)
FN:1233,(anonymous_29)
FN:1303,(anonymous_30)
FN:1370,(anonymous_31)
FN:1446,(anonymous_32)
FN:1505,(anonymous_33)
FN:1565,(anonymous_34)
FN:1633,(anonymous_35)
FN:1692,(anonymous_36)
FN:1753,(anonymous_37)
FNF:38
FNH:3
FNDA:2,(anonymous_0)
FNDA:2,(anonymous_1)
FNDA:3,(anonymous_2)
FNDA:0,(anonymous_3)
FNDA:0,(anonymous_4)
FNDA:0,(anonymous_5)
FNDA:0,(anonymous_6)
FNDA:0,(anonymous_7)
FNDA:0,(anonymous_8)
FNDA:0,(anonymous_9)
FNDA:0,(anonymous_10)
FNDA:0,(anonymous_11)
FNDA:0,(anonymous_12)
FNDA:0,(anonymous_13)
FNDA:0,(anonymous_14)
FNDA:0,(anonymous_15)
FNDA:0,(anonymous_16)
FNDA:0,(anonymous_17)
FNDA:0,(anonymous_18)
FNDA:0,(anonymous_19)
FNDA:0,(anonymous_20)
FNDA:0,(anonymous_21)
FNDA:0,(anonymous_22)
FNDA:0,(anonymous_23)
FNDA:0,(anonymous_24)
FNDA:0,(anonymous_25)
FNDA:0,(anonymous_26)
FNDA:0,(anonymous_27)
FNDA:0,(anonymous_28)
FNDA:0,(anonymous_29)
FNDA:0,(anonymous_30)
FNDA:0,(anonymous_31)
FNDA:0,(anonymous_32)
FNDA:0,(anonymous_33)
FNDA:0,(anonymous_34)
FNDA:0,(anonymous_35)
FNDA:0,(anonymous_36)
FNDA:0,(anonymous_37)
DA:18,3
DA:19,3
DA:20,3
DA:21,3
DA:22,3
DA:23,3
DA:24,3
DA:27,3
DA:56,3
DA:57,2
DA:58,2
DA:59,2
DA:60,1
DA:62,1
DA:70,1
DA:72,1
DA:73,1
DA:77,1
DA:78,1
DA:109,3
DA:110,2
DA:111,2
DA:112,2
DA:113,1
DA:115,1
DA:121,1
DA:122,0
DA:124,1
DA:165,3
DA:166,3
DA:168,3
DA:169,3
DA:170,1
DA:178,2
DA:181,2
DA:182,2
DA:183,2
DA:184,2
DA:185,2
DA:186,1
DA:190,1
DA:193,1
DA:204,1
DA:209,0
DA:251,3
DA:252,0
DA:253,0
DA:254,0
DA:255,0
DA:256,0
DA:257,0
DA:261,0
DA:263,0
DA:265,0
DA:269,0
DA:273,0
DA:301,3
DA:302,0
DA:303,0
DA:304,0
DA:305,0
DA:307,0
DA:334,3
DA:335,0
DA:336,0
DA:337,0
DA:338,0
DA:342,0
DA:378,3
DA:379,0
DA:382,0
DA:383,0
DA:386,0
DA:387,0
DA:392,0
DA:393,0
DA:394,0
DA:395,0
DA:396,0
DA:398,0
DA:399,0
DA:435,3
DA:436,0
DA:438,0
DA:439,0
DA:444,0
DA:445,0
DA:446,0
DA:448,0
DA:478,3
DA:479,0
DA:481,0
DA:482,0
DA:485,0
DA:486,0
DA:487,0
DA:489,0
DA:516,3
DA:517,0
DA:519,0
DA:520,0
DA:521,0
DA:522,0
DA:525,0
DA:526,0
DA:527,0
DA:529,0
DA:562,3
DA:563,0
DA:565,0
DA:566,0
DA:567,0
DA:568,0
DA:571,0
DA:572,0
DA:574,0
DA:575,0
DA:578,0
DA:580,0
DA:613,3
DA:614,0
DA:616,0
DA:617,0
DA:618,0
DA:619,0
DA:622,0
DA:623,0
DA:625,0
DA:626,0
DA:629,0
DA:630,0
DA:636,0
DA:690,3
DA:691,0
DA:692,0
DA:694,0
DA:695,0
DA:696,0
DA:697,0
DA:700,0
DA:701,0
DA:704,0
DA:706,0
DA:709,0
DA:712,0
DA:715,0
DA:716,0
DA:720,0
DA:729,0
DA:731,0
DA:764,3
DA:765,0
DA:767,0
DA:768,0
DA:769,0
DA:770,0
DA:773,0
DA:774,0
DA:775,0
DA:778,0
DA:782,0
DA:784,0
DA:809,3
DA:810,0
DA:812,0
DA:813,0
DA:817,0
DA:819,0
DA:853,3
DA:854,0
DA:856,0
DA:858,0
DA:863,0
DA:865,0
DA:869,0
DA:903,3
DA:904,0
DA:906,0
DA:908,0
DA:910,0
DA:912,0
DA:939,3
DA:940,0
DA:942,0
DA:943,0
DA:944,0
DA:945,0
DA:948,0
DA:949,0
DA:950,0
DA:953,0
DA:954,0
DA:956,0
DA:960,0
DA:993,3
DA:994,0
DA:996,0
DA:997,0
DA:998,0
DA:999,0
DA:1002,0
DA:1003,0
DA:1005,0
DA:1009,0
DA:1041,3
DA:1042,0
DA:1044,0
DA:1045,0
DA:1046,0
DA:1047,0
DA:1050,0
DA:1051,0
DA:1055,0
DA:1095,3
DA:1096,0
DA:1098,0
DA:1099,0
DA:1100,0
DA:1101,0
DA:1104,0
DA:1105,0
DA:1106,0
DA:1109,0
DA:1110,0
DA:1114,0
DA:1117,0
DA:1121,0
DA:1123,0
DA:1167,3
DA:1168,0
DA:1170,0
DA:1172,0
DA:1175,0
DA:1176,0
DA:1180,0
DA:1181,0
DA:1184,0
DA:1185,0
DA:1189,0
DA:1192,0
DA:1233,3
DA:1234,0
DA:1236,0
DA:1237,0
DA:1241,0
DA:1242,0
DA:1249,0
DA:1250,0
DA:1251,0
DA:1252,0
DA:1256,0
DA:1258,0
DA:1260,0
DA:1303,3
DA:1304,0
DA:1306,0
DA:1307,0
DA:1309,0
DA:1310,0
DA:1313,0
DA:1314,0
DA:1321,0
DA:1325,0
DA:1370,3
DA:1371,0
DA:1373,0
DA:1374,0
DA:1375,0
DA:1377,0
DA:1378,0
DA:1382,0
DA:1385,0
DA:1394,0
DA:1396,0
DA:1398,0
DA:1446,3
DA:1447,0
DA:1448,0
DA:1450,0
DA:1455,0
DA:1458,0
DA:1460,0
DA:1465,0
DA:1505,3
DA:1506,0
DA:1507,0
DA:1509,0
DA:1514,0
DA:1517,0
DA:1519,0
DA:1521,0
DA:1565,3
DA:1566,0
DA:1567,0
DA:1569,0
DA:1577,0
DA:1582,0
DA:1587,0
DA:1589,0
DA:1633,3
DA:1634,0
DA:1635,0
DA:1637,0
DA:1645,0
DA:1648,0
DA:1650,0
DA:1652,0
DA:1692,3
DA:1693,0
DA:1694,0
DA:1696,0
DA:1701,0
DA:1705,0
DA:1707,0
DA:1709,0
DA:1753,3
DA:1754,0
DA:1755,0
DA:1758,0
DA:1766,0
DA:1772,0
DA:1774,0
DA:1776,0
LF:323
LH:70
BRDA:121,0,0,0
BRDA:121,0,1,1
BRDA:121,1,0,1
BRDA:121,1,1,0
BRDA:169,2,0,1
BRDA:169,2,1,2
BRDA:169,3,0,3
BRDA:169,3,1,2
BRDA:181,4,0,2
BRDA:181,4,1,0
BRDA:182,5,0,2
BRDA:182,5,1,0
BRDA:185,6,0,1
BRDA:185,6,1,1
BRDA:254,7,0,0
BRDA:254,7,1,0
BRDA:256,8,0,0
BRDA:256,8,1,0
BRDA:261,9,0,0
BRDA:261,9,1,0
BRDA:382,10,0,0
BRDA:382,10,1,0
BRDA:386,11,0,0
BRDA:386,11,1,0
BRDA:386,12,0,0
BRDA:386,12,1,0
BRDA:438,13,0,0
BRDA:438,13,1,0
BRDA:438,14,0,0
BRDA:438,14,1,0
BRDA:481,15,0,0
BRDA:481,15,1,0
BRDA:521,16,0,0
BRDA:521,16,1,0
BRDA:526,17,0,0
BRDA:526,17,1,0
BRDA:567,18,0,0
BRDA:567,18,1,0
BRDA:574,19,0,0
BRDA:574,19,1,0
BRDA:618,20,0,0
BRDA:618,20,1,0
BRDA:625,21,0,0
BRDA:625,21,1,0
BRDA:696,22,0,0
BRDA:696,22,1,0
BRDA:701,23,0,0
BRDA:701,23,1,0
BRDA:706,24,0,0
BRDA:706,24,1,0
BRDA:709,25,0,0
BRDA:709,25,1,0
BRDA:715,26,0,0
BRDA:715,26,1,0
BRDA:722,27,0,0
BRDA:722,27,1,0
BRDA:724,28,0,0
BRDA:724,28,1,0
BRDA:769,29,0,0
BRDA:769,29,1,0
BRDA:944,30,0,0
BRDA:944,30,1,0
BRDA:998,31,0,0
BRDA:998,31,1,0
BRDA:1046,32,0,0
BRDA:1046,32,1,0
BRDA:1100,33,0,0
BRDA:1100,33,1,0
BRDA:1109,34,0,0
BRDA:1109,34,1,0
BRDA:1175,35,0,0
BRDA:1175,35,1,0
BRDA:1184,36,0,0
BRDA:1184,36,1,0
BRDA:1236,37,0,0
BRDA:1236,37,1,0
BRDA:1236,38,0,0
BRDA:1236,38,1,0
BRDA:1241,39,0,0
BRDA:1241,39,1,0
BRDA:1241,40,0,0
BRDA:1241,40,1,0
BRDA:1251,41,0,0
BRDA:1251,41,1,0
BRDA:1309,42,0,0
BRDA:1309,42,1,0
BRDA:1314,43,0,0
BRDA:1314,43,1,0
BRDA:1377,44,0,0
BRDA:1377,44,1,0
BRDA:1382,45,0,0
BRDA:1382,45,1,0
BRDA:1386,46,0,0
BRDA:1386,46,1,0
BRDA:1387,47,0,0
BRDA:1387,47,1,0
BRDA:1388,48,0,0
BRDA:1388,48,1,0
BRDA:1389,49,0,0
BRDA:1389,49,1,0
BRDA:1390,50,0,0
BRDA:1390,50,1,0
BRDA:1450,51,0,0
BRDA:1450,51,1,0
BRDA:1451,52,0,0
BRDA:1451,52,1,0
BRDA:1451,52,2,0
BRDA:1509,53,0,0
BRDA:1509,53,1,0
BRDA:1510,54,0,0
BRDA:1510,54,1,0
BRDA:1510,54,2,0
BRDA:1569,55,0,0
BRDA:1569,55,1,0
BRDA:1570,56,0,0
BRDA:1570,56,1,0
BRDA:1570,56,2,0
BRDA:1570,56,3,0
BRDA:1570,56,4,0
BRDA:1570,56,5,0
BRDA:1637,57,0,0
BRDA:1637,57,1,0
BRDA:1638,58,0,0
BRDA:1638,58,1,0
BRDA:1638,58,2,0
BRDA:1638,58,3,0
BRDA:1638,58,4,0
BRDA:1638,58,5,0
BRDA:1696,59,0,0
BRDA:1696,59,1,0
BRDA:1697,60,0,0
BRDA:1697,60,1,0
BRDA:1697,60,2,0
BRDA:1758,61,0,0
BRDA:1758,61,1,0
BRDA:1759,62,0,0
BRDA:1759,62,1,0
BRDA:1759,62,2,0
BRDA:1759,62,3,0
BRDA:1759,62,4,0
BRDA:1759,62,5,0
BRF:141
BRH:10
end_of_record
TN:
SF:models\models.js
FN:64,(anonymous_0)
FN:77,(anonymous_1)
FN:87,(anonymous_2)
FN:96,(anonymous_3)
FN:105,(anonymous_4)
FN:113,(anonymous_5)
FN:159,(anonymous_6)
FN:174,(anonymous_7)
FN:180,(anonymous_8)
FN:193,(anonymous_9)
FN:197,(anonymous_10)
FN:205,(anonymous_11)
FN:211,(anonymous_12)
FNF:13
FNH:1
FNDA:1,(anonymous_0)
FNDA:0,(anonymous_1)
FNDA:0,(anonymous_2)
FNDA:0,(anonymous_3)
FNDA:0,(anonymous_4)
FNDA:0,(anonymous_5)
FNDA:0,(anonymous_6)
FNDA:0,(anonymous_7)
FNDA:0,(anonymous_8)
FNDA:0,(anonymous_9)
FNDA:0,(anonymous_10)
FNDA:0,(anonymous_11)
FNDA:0,(anonymous_12)
DA:1,3
DA:57,3
DA:65,1
DA:78,0
DA:79,0
DA:88,0
DA:97,0
DA:106,0
DA:114,0
DA:153,3
DA:160,0
DA:175,0
DA:176,0
DA:178,0
DA:181,0
DA:184,0
DA:194,0
DA:195,0
DA:197,0
DA:206,0
DA:207,0
DA:209,0
DA:211,0
DA:213,0
DA:252,3
LF:25
LH:5
BRDA:79,0,0,0
BRDA:79,0,1,0
BRDA:176,1,0,0
BRDA:176,1,1,0
BRDA:181,2,0,0
BRDA:181,2,1,0
BRDA:195,3,0,0
BRDA:195,3,1,0
BRDA:197,4,0,0
BRDA:197,4,1,0
BRDA:207,5,0,0
BRDA:207,5,1,0
BRF:12
BRH:0
end_of_record
